<<<<<<< HEAD
2018-10-08T12:15:35.558Z info Server listening
2018-10-10T06:56:54.918Z info Server listening
2018-10-10T09:08:28.224Z info Server listening
2018-10-10T09:26:44.613Z info Server listening
2018-10-10T09:29:28.835Z info Server listening
2018-10-10T09:52:46.612Z info Server listening
2018-10-10T09:53:31.710Z info Server listening
2018-10-10T09:54:48.991Z info Server listening
2018-10-10T10:46:02.569Z info Server listening
2018-10-10T13:46:10.121Z info Server listening
2018-10-10T13:46:25.966Z info Server listening
2018-10-10T13:48:11.337Z info Server listening
2018-10-10T13:48:25.888Z info Server listening
2018-10-10T13:53:45.745Z info Server listening
2018-10-10T13:55:08.422Z info Server listening
2018-10-10T13:58:39.316Z info Server listening
2018-10-10T13:59:09.808Z info Server listening
2018-10-10T14:32:25.869Z info Server listening
2018-10-10T14:33:41.891Z info Server listening
2018-10-10T14:34:41.329Z info Server listening
2018-10-10T15:16:54.527Z info Server listening
2018-10-10T15:17:26.960Z info Server listening
2018-10-10T15:20:35.762Z info Server listening
2018-10-10T15:33:50.644Z info Server listening
2018-10-10T15:34:45.076Z info Server listening
2018-10-10T15:56:52.263Z info Server listening
2018-10-10T15:58:55.147Z info Server listening
2018-10-10T15:59:44.471Z info Server listening
2018-10-10T15:59:58.801Z info Server listening
2018-10-10T16:00:47.507Z info Server listening
2018-10-11T07:18:30.347Z info Server listening
2018-10-11T08:05:50.838Z info Server listening
2018-10-11T08:06:50.022Z info Server listening
2018-10-11T08:07:54.358Z info Server listening
2018-10-11T08:44:10.791Z info Server listening
2018-10-11T08:46:41.140Z info Server listening
2018-10-11T08:47:34.303Z info Server listening
2018-10-11T08:48:02.719Z info Server listening
2018-10-11T08:49:24.074Z info Server listening
2018-10-11T08:50:01.226Z info Server listening
2018-10-11T08:51:32.878Z info Server listening
2018-10-11T08:53:59.734Z info Server listening
2018-10-11T08:55:30.518Z info Server listening
2018-10-11T09:01:34.447Z info Server listening
2018-10-11T09:03:31.651Z info Server listening
2018-10-11T09:06:20.861Z info Server listening
2018-10-11T12:20:05.063Z info Server listening
2018-10-11T12:27:11.496Z info Server listening
2018-10-11T12:28:54.884Z info Server listening
2018-10-11T12:31:43.650Z info Server listening
2018-10-11T12:33:51.201Z info Server listening
2018-10-11T12:50:55.813Z info Server listening
2018-10-11T13:04:40.277Z info Server listening
2018-10-11T13:05:28.934Z info Server listening
2018-10-11T13:09:37.215Z info Server listening
2018-10-11T13:49:01.941Z info Server listening
2018-10-11T13:51:32.340Z info Server listening
2018-10-11T13:53:49.679Z info Server listening
2018-10-11T13:55:49.443Z info Server listening
2018-10-11T13:58:02.160Z info Server listening
2018-10-11T14:00:43.432Z info Server listening
2018-10-11T14:01:11.134Z info Server listening
2018-10-11T14:03:00.121Z info Server listening
2018-10-11T14:08:35.248Z info Server listening
2018-10-11T14:12:05.171Z info Server listening
2018-10-11T14:12:24.738Z info Server listening
2018-10-11T14:13:34.974Z info Server listening
2018-10-11T14:22:05.315Z info Server listening
2018-10-11T14:24:18.487Z info Server listening
2018-10-11T14:25:09.154Z info Server listening
2018-10-11T14:25:51.721Z info Server listening
2018-10-11T14:26:44.885Z info Server listening
2018-10-12T08:43:39.028Z info Server listening
2018-10-12T12:09:07.988Z info Server listening
2018-10-12T12:10:38.114Z info Server listening
2018-10-12T12:16:27.926Z info Server listening
2018-10-12T12:37:17.829Z info undefined
2018-10-12T12:37:17.836Z info Server listening
2018-10-12T12:39:13.450Z info undefined
2018-10-12T12:39:13.457Z info Server listening
2018-10-12T12:40:16.776Z info undefined
2018-10-12T12:40:16.782Z info Server listening
2018-10-12T12:41:13.395Z info Server listening
2018-10-12T12:41:30.994Z info undefined
2018-10-12T12:41:31.000Z info Server listening
2018-10-12T12:41:49.852Z info undefined
2018-10-12T12:41:49.859Z info Server listening
2018-10-12T12:42:14.499Z info undefined
2018-10-12T12:42:14.507Z info Server listening
2018-10-12T12:43:01.161Z info undefined
2018-10-12T12:43:01.168Z info Server listening
2018-10-12T12:43:21.521Z info undefined
2018-10-12T12:43:21.527Z info Server listening
2018-10-12T12:43:35.411Z info Server listening
2018-10-12T12:43:56.773Z info undefined
2018-10-12T12:43:56.779Z info Server listening
2018-10-12T12:44:56.801Z info undefined
2018-10-12T12:44:56.807Z info Server listening
2018-10-12T12:45:27.428Z info undefined
2018-10-12T12:45:27.434Z info Server listening
2018-10-12T12:46:08.000Z info undefined
2018-10-12T12:46:08.006Z info Server listening
2018-10-12T12:46:21.180Z info undefined
2018-10-12T12:46:21.187Z info Server listening
2018-10-12T12:46:48.739Z info Server listening
2018-10-12T12:47:13.194Z info undefined
2018-10-12T12:47:13.200Z info Server listening
2018-10-12T12:47:29.093Z info undefined
2018-10-12T12:47:29.099Z info Server listening
2018-10-12T12:47:58.460Z info undefined
2018-10-12T12:47:58.465Z info Server listening
2018-10-12T12:48:24.954Z info undefined
2018-10-12T12:48:24.960Z info Server listening
2018-10-12T12:48:52.594Z info undefined
2018-10-12T12:48:52.601Z info Server listening
2018-10-12T12:49:11.525Z info Server listening
2018-10-12T12:49:22.863Z info Server listening
2018-10-12T12:49:32.419Z info Server listening
2018-10-12T12:49:39.733Z info Server listening
2018-10-12T12:49:50.514Z info Server listening
2018-10-12T12:50:03.434Z info Server listening
2018-10-12T12:50:19.376Z info Server listening
2018-10-12T13:53:38.653Z info Server listening
2018-10-12T15:00:34.362Z info Server listening
2018-10-16T13:11:03.507Z info Server listening
2018-10-17T14:04:49.163Z info Server listening
=======
2018-10-16T09:28:08.363Z info Server listening
2018-10-16T09:34:48.243Z info Server listening
2018-10-16T09:35:33.698Z info Server listening
2018-10-16T09:36:29.221Z info Server listening
2018-10-16T09:38:14.074Z info Server listening
2018-10-16T09:38:59.131Z info Server listening
2018-10-16T09:40:37.762Z info Server listening
2018-10-16T09:41:37.653Z info User was added
2018-10-16T09:51:22.215Z info Server listening
2018-10-16T09:54:18.815Z info Server listening
2018-10-16T09:54:21.263Z info Server listening
2018-10-16T09:54:54.416Z info Server listening
2018-10-16T09:54:54.807Z info Connected to database
2018-10-16T09:55:08.059Z info Server listening
2018-10-16T09:55:08.208Z info Connected to database
2018-10-16T09:59:18.761Z info Server listening
2018-10-16T09:59:18.927Z info Connected to database
2018-10-16T10:02:15.469Z info undefined
2018-10-16T10:02:15.477Z info Server listening
2018-10-16T10:02:15.596Z info Connected to database
2018-10-16T10:26:59.697Z info undefined
2018-10-16T10:26:59.704Z info Server listening
2018-10-16T10:26:59.816Z info Connected to database
2018-10-16T10:33:12.029Z info undefined
2018-10-16T10:33:12.036Z info Server listening
2018-10-16T10:33:12.159Z info Connected to database
2018-10-16T10:35:33.210Z info undefined
2018-10-16T10:36:58.966Z info Connected to database
2018-10-16T10:36:58.973Z info Server listening
2018-10-16T10:37:06.362Z info Connected to database
2018-10-16T10:37:06.368Z info Server listening
2018-10-16T10:37:28.956Z info User was added
2018-10-16T11:06:58.493Z info Connected to database
2018-10-16T11:06:58.499Z info Server listening
2018-10-16T11:06:58.514Z info Connected to database
2018-10-16T11:08:12.009Z info Connected to database
2018-10-16T11:08:32.525Z info Connected to database
2018-10-16T11:08:32.531Z info Server listening
2018-10-16T11:09:56.566Z info Connected to database
2018-10-16T11:09:56.575Z info Server listening
2018-10-16T11:12:03.511Z info Connected to database
2018-10-16T11:12:03.517Z info Server listening
2018-10-16T11:12:08.744Z info Connected to database
2018-10-16T11:12:37.421Z info Connected to database
2018-10-16T11:12:52.206Z info Connected to database
2018-10-16T11:29:58.034Z info Connected to database
2018-10-16T11:30:17.432Z info Connected to database
2018-10-16T11:32:06.898Z info Connected to database
2018-10-16T11:32:06.904Z info Server listening
2018-10-16T11:32:42.220Z info Connected to database
2018-10-16T11:32:42.227Z info Server listening
2018-10-16T11:34:49.977Z info Connected to database
2018-10-16T11:34:49.986Z info Server listening
2018-10-16T11:35:23.578Z info Connected to database
2018-10-16T11:35:23.584Z info Server listening
2018-10-16T11:35:55.488Z info Connected to database
2018-10-16T11:35:55.495Z info Server listening
2018-10-16T11:36:05.140Z info Connected to database
2018-10-16T11:36:05.147Z info Server listening
2018-10-16T11:36:16.931Z info Connected to database
2018-10-16T11:36:16.937Z info Server listening
2018-10-16T11:36:35.197Z info Connected to database
2018-10-16T11:36:35.205Z info Server listening
2018-10-16T11:37:36.241Z info Connected to database
2018-10-16T11:37:36.253Z info Server listening
2018-10-16T11:39:38.069Z info Connected to database
2018-10-16T11:39:38.077Z info Server listening
2018-10-16T14:20:57.901Z info Connected to database
2018-10-16T14:20:57.916Z info Server listening
2018-10-16T14:34:17.337Z info Connected to database
2018-10-16T14:34:23.414Z info Server listening
2018-10-16T14:40:23.990Z info Connected to database
2018-10-16T14:40:23.999Z info Server listening
2018-10-16T14:48:12.577Z info Connected to database
2018-10-16T14:48:12.585Z info Server listening
2018-10-16T14:50:07.402Z info Connected to database
2018-10-16T14:50:07.412Z info Server listening
2018-10-16T14:51:04.375Z info Connected to database
2018-10-16T14:51:04.385Z info Server listening
2018-10-16T14:53:02.198Z info Connected to database
2018-10-16T14:53:02.208Z info Server listening
2018-10-16T14:59:19.971Z info Connected to database
2018-10-16T14:59:24.835Z info Server listening
2018-10-16T15:05:48.358Z info Connected to database
2018-10-16T15:05:51.077Z info Server listening
2018-10-16T15:26:30.266Z info Connected to database
2018-10-16T15:26:30.273Z info Server listening
2018-10-16T15:28:08.502Z info Connected to database
2018-10-16T15:28:13.940Z info Server listening
2018-10-16T15:32:32.434Z info Connected to database
2018-10-16T15:32:32.441Z info Server listening
2018-10-16T15:40:36.134Z info Connected to database
2018-10-16T15:40:36.146Z info Server listening
2018-10-17T06:55:49.196Z info Connected to database
2018-10-17T06:55:49.202Z info Server listening
2018-10-17T06:57:53.780Z info User was added
2018-10-17T07:00:08.737Z info User was added
2018-10-17T07:03:29.712Z info Connected to database
2018-10-17T07:03:29.720Z info Server listening
2018-10-17T07:03:44.725Z info User was added
2018-10-17T07:05:15.756Z info User was added
2018-10-17T07:05:59.815Z info User was added
2018-10-17T07:06:20.923Z info User was added
2018-10-17T07:08:32.446Z info User was added
2018-10-17T07:09:15.725Z info User was added
2018-10-17T07:10:16.684Z info User was added
2018-10-17T07:11:50.574Z info User was added
2018-10-17T07:13:20.001Z info User was added
2018-10-17T07:31:45.118Z info User was added
2018-10-17T07:35:50.419Z info User was added
2018-10-17T07:36:14.161Z info Connected to database
2018-10-17T07:36:14.167Z info Server listening
2018-10-17T07:36:25.916Z info User was added
2018-10-17T07:37:40.388Z info User was added
2018-10-17T07:38:12.802Z info Connected to database
2018-10-17T07:38:12.812Z info Server listening
2018-10-17T07:38:19.741Z info User was added
2018-10-17T07:45:25.590Z info User was added
2018-10-17T07:46:29.779Z info Connected to database
2018-10-17T07:46:29.785Z info Server listening
2018-10-17T07:46:52.857Z info User was added
2018-10-17T07:47:08.215Z info User was added
2018-10-17T07:47:48.722Z info Connected to database
2018-10-17T07:47:48.728Z info Server listening
2018-10-17T07:47:58.564Z info Connected to database
2018-10-17T07:47:58.570Z info Server listening
2018-10-17T07:48:54.593Z info User was added
2018-10-17T07:50:20.724Z info User was added
2018-10-17T07:52:11.021Z info User was added
2018-10-17T07:56:46.487Z info User was added
2018-10-17T07:57:56.242Z info Connected to database
2018-10-17T07:57:56.252Z info Server listening
2018-10-17T07:59:11.295Z info User was added
2018-10-17T08:03:30.186Z info Connected to database
2018-10-17T08:03:30.196Z info Server listening
2018-10-17T08:03:46.465Z info User was added
2018-10-17T08:05:14.472Z info Connected to database
2018-10-17T08:05:14.478Z info Server listening
2018-10-17T08:06:48.325Z info User was added
2018-10-17T08:07:13.949Z info User was added
2018-10-17T08:09:30.826Z info User was added
2018-10-17T08:10:02.526Z info User was added
2018-10-17T08:10:57.806Z info Connected to database
2018-10-17T08:10:57.817Z info Server listening
2018-10-17T10:11:38.123Z info Connected to database
2018-10-17T10:11:38.129Z info Server listening
2018-10-17T10:12:22.294Z info Connected to database
2018-10-17T10:12:22.301Z info Server listening
2018-10-17T10:12:28.145Z info Connected to database
2018-10-17T10:12:28.152Z info Server listening
2018-10-17T10:14:07.901Z info Connected to database
2018-10-17T10:14:07.907Z info Server listening
2018-10-17T10:14:16.962Z info Connected to database
2018-10-17T10:14:16.969Z info Server listening
2018-10-17T10:14:47.944Z info Connected to database
2018-10-17T10:14:47.951Z info Server listening
2018-10-17T10:16:10.513Z info Connected to database
2018-10-17T10:16:10.520Z info Server listening
2018-10-17T10:16:27.754Z info Connected to database
2018-10-17T10:16:27.761Z info Server listening
2018-10-17T10:17:25.961Z info Connected to database
2018-10-17T10:17:25.968Z info Server listening
2018-10-17T10:18:37.004Z info Connected to database
2018-10-17T10:18:37.011Z info Server listening
2018-10-17T10:20:37.370Z info Connected to database
2018-10-17T10:20:37.376Z info Server listening
2018-10-17T10:47:54.459Z info Connected to database
2018-10-17T10:47:54.465Z info Server listening
2018-10-17T14:00:52.058Z info Connected to database
2018-10-17T14:00:52.065Z info Server listening
2018-10-17T14:01:49.749Z info Connected to database
2018-10-17T14:01:49.755Z info Server listening
2018-10-17T14:02:08.400Z info Connected to database
2018-10-17T14:02:08.406Z info Server listening
2018-10-17T14:02:25.850Z info Connected to database
2018-10-17T14:02:25.857Z info Server listening
2018-10-17T14:03:02.125Z info Connected to database
2018-10-17T14:03:02.132Z info Server listening
2018-10-17T14:03:48.734Z info Connected to database
2018-10-17T14:03:48.740Z info Server listening
2018-10-17T14:05:34.702Z info Connected to database
2018-10-17T14:05:34.708Z info Server listening
2018-10-17T14:07:50.762Z info Connected to database
2018-10-17T14:07:50.768Z info Server listening
2018-10-17T14:08:51.552Z info Connected to database
2018-10-17T14:08:51.558Z info Server listening
2018-10-17T15:03:31.087Z info Connected to database
2018-10-17T15:03:31.093Z info Server listening
2018-10-17T15:10:07.632Z info Connected to database
2018-10-17T15:10:07.638Z info Server listening
2018-10-17T15:10:13.965Z info Connected to database
2018-10-17T15:10:13.971Z info Server listening
2018-10-17T15:15:20.301Z info Connected to database
2018-10-17T15:15:20.307Z info Server listening
2018-10-17T15:15:21.950Z info Connected to database
2018-10-17T15:15:21.956Z info Server listening
2018-10-17T15:15:24.317Z info Connected to database
2018-10-17T15:15:24.323Z info Server listening
2018-10-17T15:15:35.250Z info Connected to database
2018-10-17T15:15:35.256Z info Server listening
2018-10-17T15:22:52.738Z info Connected to database
2018-10-17T15:22:52.745Z info Server listening
2018-10-17T15:43:29.103Z info Connected to database
2018-10-17T15:43:29.114Z info Server listening
2018-10-17T15:44:45.814Z info Connected to database
2018-10-17T15:44:45.820Z info Server listening
2018-10-17T15:46:01.325Z info Connected to database
2018-10-17T15:46:01.332Z info Server listening
2018-10-17T15:46:23.097Z info Connected to database
2018-10-17T15:46:23.108Z info Server listening
2018-10-17T15:47:15.872Z info Connected to database
2018-10-17T15:47:15.883Z info Server listening
2018-10-17T15:48:04.389Z info Connected to database
2018-10-17T15:48:04.400Z info Server listening
2018-10-17T15:49:40.540Z info Connected to database
2018-10-17T15:49:40.551Z info Server listening
2018-10-17T15:51:23.393Z info Connected to database
2018-10-17T15:51:23.399Z info Server listening
2018-10-18T06:18:20.774Z info Connected to database
2018-10-18T06:18:20.781Z info Server listening
>>>>>>> f9da944511b33d3f4e0f64a265f3e9d9f66e7e34
2018-10-18T07:49:49.044Z info Connected to database
2018-10-18T07:49:49.053Z info Server listening
2018-10-18T08:45:57.321Z info Connected to database
2018-10-18T08:45:57.333Z info Server listening
2018-10-18T09:48:39.747Z info Connected to database
2018-10-18T09:48:39.756Z info Server listening
2018-10-18T09:51:18.746Z info User was added
2018-10-18T09:56:01.413Z info User was added
2018-10-18T09:58:26.389Z info Connected to database
2018-10-18T09:58:26.398Z info Server listening
2018-10-18T09:58:28.758Z info User was added
2018-10-18T09:59:37.555Z info User was added
2018-10-18T10:02:43.389Z info Connected to database
2018-10-18T10:02:43.405Z info Server listening
2018-10-18T10:02:52.555Z info User was added
2018-10-18T10:11:22.898Z info Connected to database
2018-10-18T10:11:22.907Z info Server listening
2018-10-18T10:11:41.708Z info User was added
2018-10-18T10:13:14.166Z info Connected to database
2018-10-18T10:13:14.167Z info Server listening
2018-10-18T10:13:33.837Z info User was added
2018-10-18T11:00:36.325Z info Connected to database
2018-10-18T11:00:36.336Z info Server listening
2018-10-18T11:01:05.047Z info Connected to database
2018-10-18T11:01:05.047Z info Server listening
2018-10-18T11:05:20.459Z info Connected to database
2018-10-18T11:05:20.473Z info Server listening
2018-10-18T11:08:23.896Z info User was added
2018-10-18T11:09:23.120Z info User was added
2018-10-18T11:10:01.947Z info User was added
2018-10-18T11:16:11.886Z info Connected to database
2018-10-18T11:16:11.899Z info Server listening
2018-10-18T11:32:58.101Z info Connected to database
2018-10-18T11:32:58.113Z info Server listening
2018-10-18T11:34:29.652Z info User was added
2018-10-18T13:40:46.849Z info Connected to database
2018-10-18T13:40:46.858Z info Server listening
2018-10-19T10:38:50.123Z info Connected to database
2018-10-19T10:38:50.135Z info Server listening
2018-10-19T10:41:42.663Z info User was added
2018-10-22T07:44:40.051Z info Connected to database
2018-10-22T07:44:40.070Z info Server listening
2018-10-22T08:31:41.613Z info Connected to database
2018-10-22T08:31:41.622Z info Server listening
